2026-04-22 16:47:54,169 - aqt.helper - DEBUG - helper 130604027428992 Attempt to download checksum at https://download.qt.io/online/qtsdkrepository/windows_x86/desktop/qt6_673/Updates.xml.sha256
2026-04-22 16:48:42,155 - aqt.main - INFO - installer 134235808784512 aqtinstall(aqt) v3.3.0 on Python 3.12.3 [CPython GCC 13.3.0]
2026-04-22 16:48:42,156 - aqt.helper - DEBUG - helper 134235808784512 Attempt to download checksum at https://download.qt.io/online/qtsdkrepository/windows_x86/desktop/qt6_673/Updates.xml.sha256
2026-04-22 16:48:44,493 - aqt.helper - DEBUG - helper 123360612356224 Attempt to download checksum at https://download.qt.io/online/qtsdkrepository/windows_x86/desktop/qt6_673/qt.qt6.673.addons.qtimageformats.win64_mingw/6.7.3-0-202409200836qtimageformats-Windows-Windows_10_22H2-Mingw-Windows-Windows_10_22H2-X86_64.7z.sha256
2026-04-22 16:48:44,493 - aqt.helper - DEBUG - helper 135819096391808 Attempt to download checksum at https://download.qt.io/online/qtsdkrepository/windows_x86/desktop/qt6_673/qt.qt6.673.win64_mingw/6.7.3-0-202409200836qtbase-Windows-Windows_10_22H2-Mingw-Windows-Windows_10_22H2-X86_64.7z.sha256
2026-04-22 16:48:44,493 - aqt.helper - DEBUG - helper 139761798746240 Attempt to download checksum at https://download.qt.io/online/qtsdkrepository/windows_x86/desktop/qt6_673/qt.qt6.673.win64_mingw/6.7.3-0-202409200836qtsvg-Windows-Windows_10_22H2-Mingw-Windows-Windows_10_22H2-X86_64.7z.sha256
2026-04-22 16:48:44,494 - aqt.helper - DEBUG - helper 139465020182656 Attempt to download checksum at https://download.qt.io/online/qtsdkrepository/windows_x86/desktop/qt6_673/qt.qt6.673.win64_mingw/6.7.3-0-202409200836qtdeclarative-Windows-Windows_10_22H2-Mingw-Windows-Windows_10_22H2-X86_64.7z.sha256
2026-04-22 16:48:45,424 - aqt.helper - INFO - helper 135819096391808 Downloading qtbase...
2026-04-22 16:48:45,425 - aqt.helper - INFO - helper 139465020182656 Downloading qtdeclarative...
2026-04-22 16:48:45,424 - aqt.installer - DEBUG - installer 135819096391808 Download URL: https://download.qt.io/online/qtsdkrepository/windows_x86/desktop/qt6_673/qt.qt6.673.win64_mingw/6.7.3-0-202409200836qtbase-Windows-Windows_10_22H2-Mingw-Windows-Windows_10_22H2-X86_64.7z
2026-04-22 16:48:45,425 - aqt.installer - DEBUG - installer 139465020182656 Download URL: https://download.qt.io/online/qtsdkrepository/windows_x86/desktop/qt6_673/qt.qt6.673.win64_mingw/6.7.3-0-202409200836qtdeclarative-Windows-Windows_10_22H2-Mingw-Windows-Windows_10_22H2-X86_64.7z
2026-04-22 16:48:45,425 - aqt.helper - INFO - helper 139761798746240 Downloading qtsvg...
2026-04-22 16:48:45,426 - aqt.installer - DEBUG - installer 139761798746240 Download URL: https://download.qt.io/online/qtsdkrepository/windows_x86/desktop/qt6_673/qt.qt6.673.win64_mingw/6.7.3-0-202409200836qtsvg-Windows-Windows_10_22H2-Mingw-Windows-Windows_10_22H2-X86_64.7z
2026-04-22 16:48:45,458 - aqt.helper - INFO - helper 123360612356224 Downloading qtimageformats...
2026-04-22 16:48:45,458 - aqt.installer - DEBUG - installer 123360612356224 Download URL: https://download.qt.io/online/qtsdkrepository/windows_x86/desktop/qt6_673/qt.qt6.673.addons.qtimageformats.win64_mingw/6.7.3-0-202409200836qtimageformats-Windows-Windows_10_22H2-Mingw-Windows-Windows_10_22H2-X86_64.7z
2026-04-22 16:48:46,356 - aqt.helper - DEBUG - helper 135819096391808 Asked to redirect(302) to: https://qt.mirror.constant.com/online/qtsdkrepository/windows_x86/desktop/qt6_673/qt.qt6.673.win64_mingw/6.7.3-0-202409200836qtbase-Windows-Windows_10_22H2-Mingw-Windows-Windows_10_22H2-X86_64.7z
2026-04-22 16:48:46,356 - aqt.helper - INFO - helper 135819096391808 Redirected: qt.mirror.constant.com
2026-04-22 16:48:46,356 - aqt.helper - DEBUG - helper 139465020182656 Asked to redirect(302) to: https://qt.mirror.constant.com/online/qtsdkrepository/windows_x86/desktop/qt6_673/qt.qt6.673.win64_mingw/6.7.3-0-202409200836qtdeclarative-Windows-Windows_10_22H2-Mingw-Windows-Windows_10_22H2-X86_64.7z
2026-04-22 16:48:46,356 - aqt.helper - INFO - helper 139465020182656 Redirected: qt.mirror.constant.com
2026-04-22 16:48:46,387 - aqt.helper - DEBUG - helper 139761798746240 Asked to redirect(302) to: https://qt.mirror.constant.com/online/qtsdkrepository/windows_x86/desktop/qt6_673/qt.qt6.673.win64_mingw/6.7.3-0-202409200836qtsvg-Windows-Windows_10_22H2-Mingw-Windows-Windows_10_22H2-X86_64.7z
2026-04-22 16:48:46,387 - aqt.helper - INFO - helper 139761798746240 Redirected: qt.mirror.constant.com
2026-04-22 16:48:46,388 - aqt.helper - DEBUG - helper 123360612356224 Asked to redirect(302) to: https://qt.mirror.constant.com/online/qtsdkrepository/windows_x86/desktop/qt6_673/qt.qt6.673.addons.qtimageformats.win64_mingw/6.7.3-0-202409200836qtimageformats-Windows-Windows_10_22H2-Mingw-Windows-Windows_10_22H2-X86_64.7z
2026-04-22 16:48:46,388 - aqt.helper - INFO - helper 123360612356224 Redirected: qt.mirror.constant.com
2026-04-22 16:48:47,441 - aqt.installer - INFO - installer 139761798746240 Finished installation of qtsvg-Windows-Windows_10_22H2-Mingw-Windows-Windows_10_22H2-X86_64.7z in 2.94876946
2026-04-22 16:48:47,451 - aqt.helper - DEBUG - helper 139761798746240 Attempt to download checksum at https://download.qt.io/online/qtsdkrepository/windows_x86/desktop/qt6_673/qt.qt6.673.win64_mingw/6.7.3-0-202409200836qttools-Windows-Windows_10_22H2-Mingw-Windows-Windows_10_22H2-X86_64.7z.sha256
2026-04-22 16:48:47,526 - aqt.installer - INFO - installer 123360612356224 Finished installation of qtimageformats-Windows-Windows_10_22H2-Mingw-Windows-Windows_10_22H2-X86_64.7z in 3.03346840
2026-04-22 16:48:47,535 - aqt.helper - DEBUG - helper 123360612356224 Attempt to download checksum at https://download.qt.io/online/qtsdkrepository/windows_x86/desktop/qt6_673/qt.qt6.673.win64_mingw/6.7.3-0-202409200836qttranslations-Windows-Windows_10_22H2-Mingw-Windows-Windows_10_22H2-X86_64.7z.sha256
2026-04-22 16:48:48,412 - aqt.helper - INFO - helper 139761798746240 Downloading qttools...
2026-04-22 16:48:48,412 - aqt.installer - DEBUG - installer 139761798746240 Download URL: https://download.qt.io/online/qtsdkrepository/windows_x86/desktop/qt6_673/qt.qt6.673.win64_mingw/6.7.3-0-202409200836qttools-Windows-Windows_10_22H2-Mingw-Windows-Windows_10_22H2-X86_64.7z
2026-04-22 16:48:48,504 - aqt.helper - INFO - helper 123360612356224 Downloading qttranslations...
2026-04-22 16:48:48,504 - aqt.installer - DEBUG - installer 123360612356224 Download URL: https://download.qt.io/online/qtsdkrepository/windows_x86/desktop/qt6_673/qt.qt6.673.win64_mingw/6.7.3-0-202409200836qttranslations-Windows-Windows_10_22H2-Mingw-Windows-Windows_10_22H2-X86_64.7z
2026-04-22 16:48:49,400 - aqt.helper - DEBUG - helper 139761798746240 Asked to redirect(302) to: https://qt.mirror.constant.com/online/qtsdkrepository/windows_x86/desktop/qt6_673/qt.qt6.673.win64_mingw/6.7.3-0-202409200836qttools-Windows-Windows_10_22H2-Mingw-Windows-Windows_10_22H2-X86_64.7z
2026-04-22 16:48:49,400 - aqt.helper - INFO - helper 139761798746240 Redirected: qt.mirror.constant.com
2026-04-22 16:48:49,488 - aqt.helper - DEBUG - helper 123360612356224 Asked to redirect(302) to: https://qt.mirror.constant.com/online/qtsdkrepository/windows_x86/desktop/qt6_673/qt.qt6.673.win64_mingw/6.7.3-0-202409200836qttranslations-Windows-Windows_10_22H2-Mingw-Windows-Windows_10_22H2-X86_64.7z
2026-04-22 16:48:49,488 - aqt.helper - INFO - helper 123360612356224 Redirected: qt.mirror.constant.com
2026-04-22 16:48:50,029 - aqt.installer - INFO - installer 135819096391808 Finished installation of qtbase-Windows-Windows_10_22H2-Mingw-Windows-Windows_10_22H2-X86_64.7z in 5.53634066
2026-04-22 16:48:50,042 - aqt.helper - DEBUG - helper 135819096391808 Attempt to download checksum at https://download.qt.io/online/qtsdkrepository/windows_x86/desktop/qt6_673/qt.qt6.673.win64_mingw/6.7.3-0-202409200836MinGW-w64-x86_64-11.2.0-release-posix-seh-rt_v9-rev1-runtime.7z.sha256
2026-04-22 16:48:50,919 - aqt.installer - INFO - installer 123360612356224 Finished installation of qttranslations-Windows-Windows_10_22H2-Mingw-Windows-Windows_10_22H2-X86_64.7z in 3.38490846
2026-04-22 16:48:50,932 - aqt.helper - DEBUG - helper 123360612356224 Attempt to download checksum at https://download.qt.io/online/qtsdkrepository/windows_x86/desktop/qt6_673/qt.qt6.673.win64_mingw/6.7.3-0-202409200836d3dcompiler_47-x64.7z.sha256
2026-04-22 16:48:50,973 - aqt.helper - INFO - helper 135819096391808 Downloading MinGW...
2026-04-22 16:48:50,973 - aqt.installer - DEBUG - installer 135819096391808 Download URL: https://download.qt.io/online/qtsdkrepository/windows_x86/desktop/qt6_673/qt.qt6.673.win64_mingw/6.7.3-0-202409200836MinGW-w64-x86_64-11.2.0-release-posix-seh-rt_v9-rev1-runtime.7z
2026-04-22 16:48:51,898 - aqt.helper - INFO - helper 123360612356224 Downloading d3dcompiler_47...
2026-04-22 16:48:51,898 - aqt.installer - DEBUG - installer 123360612356224 Download URL: https://download.qt.io/online/qtsdkrepository/windows_x86/desktop/qt6_673/qt.qt6.673.win64_mingw/6.7.3-0-202409200836d3dcompiler_47-x64.7z
2026-04-22 16:48:51,937 - aqt.helper - DEBUG - helper 135819096391808 Asked to redirect(302) to: https://qt.mirror.constant.com/online/qtsdkrepository/windows_x86/desktop/qt6_673/qt.qt6.673.win64_mingw/6.7.3-0-202409200836MinGW-w64-x86_64-11.2.0-release-posix-seh-rt_v9-rev1-runtime.7z
2026-04-22 16:48:51,938 - aqt.helper - INFO - helper 135819096391808 Redirected: qt.mirror.constant.com
2026-04-22 16:48:52,830 - aqt.helper - DEBUG - helper 123360612356224 Asked to redirect(302) to: https://qt.mirror.constant.com/online/qtsdkrepository/windows_x86/desktop/qt6_673/qt.qt6.673.win64_mingw/6.7.3-0-202409200836d3dcompiler_47-x64.7z
2026-04-22 16:48:52,830 - aqt.helper - INFO - helper 123360612356224 Redirected: qt.mirror.constant.com
2026-04-22 16:48:53,062 - aqt.installer - INFO - installer 135819096391808 Finished installation of MinGW-w64-x86_64-11.2.0-release-posix-seh-rt_v9-rev1-runtime.7z in 3.02078566
2026-04-22 16:48:53,071 - aqt.helper - DEBUG - helper 135819096391808 Attempt to download checksum at https://download.qt.io/online/qtsdkrepository/windows_x86/desktop/qt6_673/qt.qt6.673.win64_mingw/6.7.3-0-202409200836opengl32sw-64-mesa_11_2_2-signed_sha256.7z.sha256
2026-04-22 16:48:53,075 - aqt.installer - INFO - installer 139761798746240 Finished installation of qttools-Windows-Windows_10_22H2-Mingw-Windows-Windows_10_22H2-X86_64.7z in 5.62557283
2026-04-22 16:48:54,000 - aqt.helper - INFO - helper 135819096391808 Downloading opengl32sw...
2026-04-22 16:48:54,000 - aqt.installer - DEBUG - installer 135819096391808 Download URL: https://download.qt.io/online/qtsdkrepository/windows_x86/desktop/qt6_673/qt.qt6.673.win64_mingw/6.7.3-0-202409200836opengl32sw-64-mesa_11_2_2-signed_sha256.7z
2026-04-22 16:48:54,150 - aqt.installer - INFO - installer 123360612356224 Finished installation of d3dcompiler_47-x64.7z in 3.21885470
2026-04-22 16:48:54,928 - aqt.helper - DEBUG - helper 135819096391808 Asked to redirect(302) to: https://qt.mirror.constant.com/online/qtsdkrepository/windows_x86/desktop/qt6_673/qt.qt6.673.win64_mingw/6.7.3-0-202409200836opengl32sw-64-mesa_11_2_2-signed_sha256.7z
2026-04-22 16:48:54,928 - aqt.helper - INFO - helper 135819096391808 Redirected: qt.mirror.constant.com
2026-04-22 16:48:55,320 - aqt.installer - INFO - installer 139465020182656 Finished installation of qtdeclarative-Windows-Windows_10_22H2-Mingw-Windows-Windows_10_22H2-X86_64.7z in 10.82706461
2026-04-22 16:48:56,662 - aqt.installer - INFO - installer 135819096391808 Finished installation of opengl32sw-64-mesa_11_2_2-signed_sha256.7z in 3.59239254
2026-04-22 16:48:56,724 - aqt.updater - INFO - updater 134235808784512 Patching /home/will/qt6-windows/6.7.3/mingw_64/lib/pkgconfig/Qt6Core.pc
2026-04-22 16:48:56,725 - aqt.updater - INFO - updater 134235808784512 Patching /home/will/qt6-windows/6.7.3/mingw_64/lib/pkgconfig/Qt6Xml.pc
2026-04-22 16:48:56,725 - aqt.updater - INFO - updater 134235808784512 Patching /home/will/qt6-windows/6.7.3/mingw_64/lib/pkgconfig/Qt6UiPlugin.pc
2026-04-22 16:48:56,725 - aqt.updater - INFO - updater 134235808784512 Patching /home/will/qt6-windows/6.7.3/mingw_64/lib/pkgconfig/Qt6Test.pc
2026-04-22 16:48:56,725 - aqt.updater - INFO - updater 134235808784512 Patching /home/will/qt6-windows/6.7.3/mingw_64/lib/pkgconfig/Qt6QuickDialogs2Utils.pc
2026-04-22 16:48:56,725 - aqt.updater - INFO - updater 134235808784512 Patching /home/will/qt6-windows/6.7.3/mingw_64/lib/pkgconfig/Qt6LabsWavefrontMesh.pc
2026-04-22 16:48:56,725 - aqt.updater - INFO - updater 134235808784512 Patching /home/will/qt6-windows/6.7.3/mingw_64/lib/pkgconfig/Qt6QuickTemplates2.pc
2026-04-22 16:48:56,725 - aqt.updater - INFO - updater 134235808784512 Patching /home/will/qt6-windows/6.7.3/mingw_64/lib/pkgconfig/Qt6Quick.pc
2026-04-22 16:48:56,725 - aqt.updater - INFO - updater 134235808784512 Patching /home/will/qt6-windows/6.7.3/mingw_64/lib/pkgconfig/Qt6QuickControls2UniversalStyleImpl.pc
2026-04-22 16:48:56,726 - aqt.updater - INFO - updater 134235808784512 Patching /home/will/qt6-windows/6.7.3/mingw_64/lib/pkgconfig/Qt6LabsAnimation.pc
2026-04-22 16:48:56,726 - aqt.updater - INFO - updater 134235808784512 Patching /home/will/qt6-windows/6.7.3/mingw_64/lib/pkgconfig/Qt6Linguist.pc
2026-04-22 16:48:56,726 - aqt.updater - INFO - updater 134235808784512 Patching /home/will/qt6-windows/6.7.3/mingw_64/lib/pkgconfig/Qt6QmlLocalStorage.pc
2026-04-22 16:48:56,726 - aqt.updater - INFO - updater 134235808784512 Patching /home/will/qt6-windows/6.7.3/mingw_64/lib/pkgconfig/Qt6QmlNetwork.pc
2026-04-22 16:48:56,726 - aqt.updater - INFO - updater 134235808784512 Patching /home/will/qt6-windows/6.7.3/mingw_64/lib/pkgconfig/Qt6Designer.pc
2026-04-22 16:48:56,726 - aqt.updater - INFO - updater 134235808784512 Patching /home/will/qt6-windows/6.7.3/mingw_64/lib/pkgconfig/Qt6QuickControls2FusionStyleImpl.pc
2026-04-22 16:48:56,726 - aqt.updater - INFO - updater 134235808784512 Patching /home/will/qt6-windows/6.7.3/mingw_64/lib/pkgconfig/Qt6LabsQmlModels.pc
2026-04-22 16:48:56,726 - aqt.updater - INFO - updater 134235808784512 Patching /home/will/qt6-windows/6.7.3/mingw_64/lib/pkgconfig/Qt6QuickDialogs2.pc
2026-04-22 16:48:56,726 - aqt.updater - INFO - updater 134235808784512 Patching /home/will/qt6-windows/6.7.3/mingw_64/lib/pkgconfig/Qt6Svg.pc
2026-04-22 16:48:56,727 - aqt.updater - INFO - updater 134235808784512 Patching /home/will/qt6-windows/6.7.3/mingw_64/lib/pkgconfig/Qt6QmlModels.pc
2026-04-22 16:48:56,727 - aqt.updater - INFO - updater 134235808784512 Patching /home/will/qt6-windows/6.7.3/mingw_64/lib/pkgconfig/Qt6LabsSharedImage.pc
2026-04-22 16:48:56,727 - aqt.updater - INFO - updater 134235808784512 Patching /home/will/qt6-windows/6.7.3/mingw_64/lib/pkgconfig/Qt6QuickControls2ImagineStyleImpl.pc
2026-04-22 16:48:56,727 - aqt.updater - INFO - updater 134235808784512 Patching /home/will/qt6-windows/6.7.3/mingw_64/lib/pkgconfig/Qt6QuickControls2Imagine.pc
2026-04-22 16:48:56,727 - aqt.updater - INFO - updater 134235808784512 Patching /home/will/qt6-windows/6.7.3/mingw_64/lib/pkgconfig/Qt6QmlWorkerScript.pc
2026-04-22 16:48:56,727 - aqt.updater - INFO - updater 134235808784512 Patching /home/will/qt6-windows/6.7.3/mingw_64/lib/pkgconfig/Qt6DBus.pc
2026-04-22 16:48:56,727 - aqt.updater - INFO - updater 134235808784512 Patching /home/will/qt6-windows/6.7.3/mingw_64/lib/pkgconfig/Qt6QmlCore.pc
2026-04-22 16:48:56,727 - aqt.updater - INFO - updater 134235808784512 Patching /home/will/qt6-windows/6.7.3/mingw_64/lib/pkgconfig/Qt6Help.pc
2026-04-22 16:48:56,727 - aqt.updater - INFO - updater 134235808784512 Patching /home/will/qt6-windows/6.7.3/mingw_64/lib/pkgconfig/Qt6Qml.pc
2026-04-22 16:48:56,727 - aqt.updater - INFO - updater 134235808784512 Patching /home/will/qt6-windows/6.7.3/mingw_64/lib/pkgconfig/Qt6QuickWidgets.pc
2026-04-22 16:48:56,728 - aqt.updater - INFO - updater 134235808784512 Patching /home/will/qt6-windows/6.7.3/mingw_64/lib/pkgconfig/Qt6QuickControls2Fusion.pc
2026-04-22 16:48:56,728 - aqt.updater - INFO - updater 134235808784512 Patching /home/will/qt6-windows/6.7.3/mingw_64/lib/pkgconfig/Qt6QuickControls2.pc
2026-04-22 16:48:56,728 - aqt.updater - INFO - updater 134235808784512 Patching /home/will/qt6-windows/6.7.3/mingw_64/lib/pkgconfig/Qt6UiTools.pc
2026-04-22 16:48:56,728 - aqt.updater - INFO - updater 134235808784512 Patching /home/will/qt6-windows/6.7.3/mingw_64/lib/pkgconfig/Qt6PrintSupport.pc
2026-04-22 16:48:56,728 - aqt.updater - INFO - updater 134235808784512 Patching /home/will/qt6-windows/6.7.3/mingw_64/lib/pkgconfig/Qt6QuickControls2BasicStyleImpl.pc
2026-04-22 16:48:56,728 - aqt.updater - INFO - updater 134235808784512 Patching /home/will/qt6-windows/6.7.3/mingw_64/lib/pkgconfig/Qt6LabsSettings.pc
2026-04-22 16:48:56,728 - aqt.updater - INFO - updater 134235808784512 Patching /home/will/qt6-windows/6.7.3/mingw_64/lib/pkgconfig/Qt6QuickTest.pc
2026-04-22 16:48:56,728 - aqt.updater - INFO - updater 134235808784512 Patching /home/will/qt6-windows/6.7.3/mingw_64/lib/pkgconfig/Qt6OpenGLWidgets.pc
2026-04-22 16:48:56,728 - aqt.updater - INFO - updater 134235808784512 Patching /home/will/qt6-windows/6.7.3/mingw_64/lib/pkgconfig/Qt6Concurrent.pc
2026-04-22 16:48:56,728 - aqt.updater - INFO - updater 134235808784512 Patching /home/will/qt6-windows/6.7.3/mingw_64/lib/pkgconfig/Qt6LabsFolderListModel.pc
2026-04-22 16:48:56,729 - aqt.updater - INFO - updater 134235808784512 Patching /home/will/qt6-windows/6.7.3/mingw_64/lib/pkgconfig/Qt6QmlBuiltins.pc
2026-04-22 16:48:56,729 - aqt.updater - INFO - updater 134235808784512 Patching /home/will/qt6-windows/6.7.3/mingw_64/lib/pkgconfig/Qt6QuickLayouts.pc
2026-04-22 16:48:56,729 - aqt.updater - INFO - updater 134235808784512 Patching /home/will/qt6-windows/6.7.3/mingw_64/lib/pkgconfig/Qt6QmlXmlListModel.pc
2026-04-22 16:48:56,729 - aqt.updater - INFO - updater 134235808784512 Patching /home/will/qt6-windows/6.7.3/mingw_64/lib/pkgconfig/Qt6QuickControls2Material.pc
2026-04-22 16:48:56,729 - aqt.updater - INFO - updater 134235808784512 Patching /home/will/qt6-windows/6.7.3/mingw_64/lib/pkgconfig/Qt6QmlCompiler.pc
2026-04-22 16:48:56,729 - aqt.updater - INFO - updater 134235808784512 Patching /home/will/qt6-windows/6.7.3/mingw_64/lib/pkgconfig/Qt6Widgets.pc
2026-04-22 16:48:56,729 - aqt.updater - INFO - updater 134235808784512 Patching /home/will/qt6-windows/6.7.3/mingw_64/lib/pkgconfig/Qt6QuickControls2Impl.pc
2026-04-22 16:48:56,729 - aqt.updater - INFO - updater 134235808784512 Patching /home/will/qt6-windows/6.7.3/mingw_64/lib/pkgconfig/Qt6OpenGL.pc
2026-04-22 16:48:56,729 - aqt.updater - INFO - updater 134235808784512 Patching /home/will/qt6-windows/6.7.3/mingw_64/lib/pkgconfig/Qt6QmlIntegration.pc
2026-04-22 16:48:56,729 - aqt.updater - INFO - updater 134235808784512 Patching /home/will/qt6-windows/6.7.3/mingw_64/lib/pkgconfig/Qt6Network.pc
2026-04-22 16:48:56,729 - aqt.updater - INFO - updater 134235808784512 Patching /home/will/qt6-windows/6.7.3/mingw_64/lib/pkgconfig/Qt6Gui.pc
2026-04-22 16:48:56,730 - aqt.updater - INFO - updater 134235808784512 Patching /home/will/qt6-windows/6.7.3/mingw_64/lib/pkgconfig/Qt6SvgWidgets.pc
2026-04-22 16:48:56,730 - aqt.updater - INFO - updater 134235808784512 Patching /home/will/qt6-windows/6.7.3/mingw_64/lib/pkgconfig/Qt6QuickControls2WindowsStyleImpl.pc
2026-04-22 16:48:56,730 - aqt.updater - INFO - updater 134235808784512 Patching /home/will/qt6-windows/6.7.3/mingw_64/lib/pkgconfig/Qt6Sql.pc
2026-04-22 16:48:56,730 - aqt.updater - INFO - updater 134235808784512 Patching /home/will/qt6-windows/6.7.3/mingw_64/lib/pkgconfig/Qt6QuickControls2Basic.pc
2026-04-22 16:48:56,730 - aqt.updater - INFO - updater 134235808784512 Patching /home/will/qt6-windows/6.7.3/mingw_64/lib/pkgconfig/Qt6Platform.pc
2026-04-22 16:48:56,730 - aqt.updater - INFO - updater 134235808784512 Patching /home/will/qt6-windows/6.7.3/mingw_64/lib/pkgconfig/Qt6QuickControls2MaterialStyleImpl.pc
2026-04-22 16:48:56,730 - aqt.updater - INFO - updater 134235808784512 Patching /home/will/qt6-windows/6.7.3/mingw_64/lib/pkgconfig/Qt6QuickControls2Universal.pc
2026-04-22 16:48:56,730 - aqt.updater - INFO - updater 134235808784512 Patching /home/will/qt6-windows/6.7.3/mingw_64/lib/pkgconfig/Qt6QuickDialogs2QuickImpl.pc
2026-04-22 16:48:56,731 - aqt.updater - INFO - updater 134235808784512 Patching /home/will/qt6-windows/6.7.3/mingw_64/lib/Qt6QmlCore.prl
2026-04-22 16:48:56,731 - aqt.updater - INFO - updater 134235808784512 Patching /home/will/qt6-windows/6.7.3/mingw_64/lib/Qt6LabsFolderListModel.prl
2026-04-22 16:48:56,731 - aqt.updater - INFO - updater 134235808784512 Patching /home/will/qt6-windows/6.7.3/mingw_64/lib/Qt6QuickControls2Material.prl
2026-04-22 16:48:56,731 - aqt.updater - INFO - updater 134235808784512 Patching /home/will/qt6-windows/6.7.3/mingw_64/lib/Qt6LabsQmlModels.prl
2026-04-22 16:48:56,731 - aqt.updater - INFO - updater 134235808784512 Patching /home/will/qt6-windows/6.7.3/mingw_64/lib/Qt6QuickControls2UniversalStyleImpl.prl
2026-04-22 16:48:56,731 - aqt.updater - INFO - updater 134235808784512 Patching /home/will/qt6-windows/6.7.3/mingw_64/lib/Qt6Test.prl
2026-04-22 16:48:56,731 - aqt.updater - INFO - updater 134235808784512 Patching /home/will/qt6-windows/6.7.3/mingw_64/lib/Qt6QuickTest.prl
2026-04-22 16:48:56,731 - aqt.updater - INFO - updater 134235808784512 Patching /home/will/qt6-windows/6.7.3/mingw_64/lib/Qt6SvgWidgets.prl
2026-04-22 16:48:56,731 - aqt.updater - INFO - updater 134235808784512 Patching /home/will/qt6-windows/6.7.3/mingw_64/lib/Qt6QuickTestUtils.prl
2026-04-22 16:48:56,732 - aqt.updater - INFO - updater 134235808784512 Patching /home/will/qt6-windows/6.7.3/mingw_64/lib/Qt6LabsSettings.prl
2026-04-22 16:48:56,732 - aqt.updater - INFO - updater 134235808784512 Patching /home/will/qt6-windows/6.7.3/mingw_64/lib/Qt6QuickEffects.prl
2026-04-22 16:48:56,732 - aqt.updater - INFO - updater 134235808784512 Patching /home/will/qt6-windows/6.7.3/mingw_64/lib/Qt6QuickControls2BasicStyleImpl.prl
2026-04-22 16:48:56,732 - aqt.updater - INFO - updater 134235808784512 Patching /home/will/qt6-windows/6.7.3/mingw_64/lib/Qt6DesignerComponents.prl
2026-04-22 16:48:56,732 - aqt.updater - INFO - updater 134235808784512 Patching /home/will/qt6-windows/6.7.3/mingw_64/lib/Qt6QuickControlsTestUtils.prl
2026-04-22 16:48:56,732 - aqt.updater - INFO - updater 134235808784512 Patching /home/will/qt6-windows/6.7.3/mingw_64/lib/Qt6QmlModels.prl
2026-04-22 16:48:56,732 - aqt.updater - INFO - updater 134235808784512 Patching /home/will/qt6-windows/6.7.3/mingw_64/lib/Qt6QmlLocalStorage.prl
2026-04-22 16:48:56,732 - aqt.updater - INFO - updater 134235808784512 Patching /home/will/qt6-windows/6.7.3/mingw_64/lib/Qt6QuickControls2Basic.prl
2026-04-22 16:48:56,732 - aqt.updater - INFO - updater 134235808784512 Patching /home/will/qt6-windows/6.7.3/mingw_64/lib/Qt6LabsAnimation.prl
2026-04-22 16:48:56,732 - aqt.updater - INFO - updater 134235808784512 Patching /home/will/qt6-windows/6.7.3/mingw_64/lib/Qt6QmlDebug.prl
2026-04-22 16:48:56,732 - aqt.updater - INFO - updater 134235808784512 Patching /home/will/qt6-windows/6.7.3/mingw_64/lib/Qt6Sql.prl
2026-04-22 16:48:56,733 - aqt.updater - INFO - updater 134235808784512 Patching /home/will/qt6-windows/6.7.3/mingw_64/lib/Qt6QmlNetwork.prl
2026-04-22 16:48:56,733 - aqt.updater - INFO - updater 134235808784512 Patching /home/will/qt6-windows/6.7.3/mingw_64/lib/Qt6QmlXmlListModel.prl
2026-04-22 16:48:56,733 - aqt.updater - INFO - updater 134235808784512 Patching /home/will/qt6-windows/6.7.3/mingw_64/lib/Qt6QuickControls2Imagine.prl
2026-04-22 16:48:56,733 - aqt.updater - INFO - updater 134235808784512 Patching /home/will/qt6-windows/6.7.3/mingw_64/lib/Qt6LabsSharedImage.prl
2026-04-22 16:48:56,733 - aqt.updater - INFO - updater 134235808784512 Patching /home/will/qt6-windows/6.7.3/mingw_64/lib/Qt6QmlTypeRegistrar.prl
2026-04-22 16:48:56,733 - aqt.updater - INFO - updater 134235808784512 Patching /home/will/qt6-windows/6.7.3/mingw_64/lib/Qt6Designer.prl
2026-04-22 16:48:56,733 - aqt.updater - INFO - updater 134235808784512 Patching /home/will/qt6-windows/6.7.3/mingw_64/lib/Qt6QmlWorkerScript.prl
2026-04-22 16:48:56,733 - aqt.updater - INFO - updater 134235808784512 Patching /home/will/qt6-windows/6.7.3/mingw_64/lib/Qt6DeviceDiscoverySupport.prl
2026-04-22 16:48:56,733 - aqt.updater - INFO - updater 134235808784512 Patching /home/will/qt6-windows/6.7.3/mingw_64/lib/Qt6QuickDialogs2QuickImpl.prl
2026-04-22 16:48:56,733 - aqt.updater - INFO - updater 134235808784512 Patching /home/will/qt6-windows/6.7.3/mingw_64/lib/Qt6EntryPoint.prl
2026-04-22 16:48:56,733 - aqt.updater - INFO - updater 134235808784512 Patching /home/will/qt6-windows/6.7.3/mingw_64/lib/Qt6QuickControls2.prl
2026-04-22 16:48:56,734 - aqt.updater - INFO - updater 134235808784512 Patching /home/will/qt6-windows/6.7.3/mingw_64/lib/Qt6Widgets.prl
2026-04-22 16:48:56,734 - aqt.updater - INFO - updater 134235808784512 Patching /home/will/qt6-windows/6.7.3/mingw_64/lib/Qt6QuickControls2Universal.prl
2026-04-22 16:48:56,734 - aqt.updater - INFO - updater 134235808784512 Patching /home/will/qt6-windows/6.7.3/mingw_64/lib/Qt6Svg.prl
2026-04-22 16:48:56,734 - aqt.updater - INFO - updater 134235808784512 Patching /home/will/qt6-windows/6.7.3/mingw_64/lib/Qt6QmlCompiler.prl
2026-04-22 16:48:56,734 - aqt.updater - INFO - updater 134235808784512 Patching /home/will/qt6-windows/6.7.3/mingw_64/lib/Qt6QuickControls2WindowsStyleImpl.prl
2026-04-22 16:48:56,734 - aqt.updater - INFO - updater 134235808784512 Patching /home/will/qt6-windows/6.7.3/mingw_64/lib/Qt6FbSupport.prl
2026-04-22 16:48:56,734 - aqt.updater - INFO - updater 134235808784512 Patching /home/will/qt6-windows/6.7.3/mingw_64/lib/Qt6QuickDialogs2.prl
2026-04-22 16:48:56,734 - aqt.updater - INFO - updater 134235808784512 Patching /home/will/qt6-windows/6.7.3/mingw_64/lib/Qt6UiTools.prl
2026-04-22 16:48:56,734 - aqt.updater - INFO - updater 134235808784512 Patching /home/will/qt6-windows/6.7.3/mingw_64/lib/Qt6Gui.prl
2026-04-22 16:48:56,734 - aqt.updater - INFO - updater 134235808784512 Patching /home/will/qt6-windows/6.7.3/mingw_64/lib/Qt6PrintSupport.prl
2026-04-22 16:48:56,734 - aqt.updater - INFO - updater 134235808784512 Patching /home/will/qt6-windows/6.7.3/mingw_64/lib/Qt6QuickControls2ImagineStyleImpl.prl
2026-04-22 16:48:56,734 - aqt.updater - INFO - updater 134235808784512 Patching /home/will/qt6-windows/6.7.3/mingw_64/lib/Qt6QuickControls2Impl.prl
2026-04-22 16:48:56,735 - aqt.updater - INFO - updater 134235808784512 Patching /home/will/qt6-windows/6.7.3/mingw_64/lib/Qt6QuickLayouts.prl
2026-04-22 16:48:56,735 - aqt.updater - INFO - updater 134235808784512 Patching /home/will/qt6-windows/6.7.3/mingw_64/lib/Qt6QuickShapes.prl
2026-04-22 16:48:56,735 - aqt.updater - INFO - updater 134235808784512 Patching /home/will/qt6-windows/6.7.3/mingw_64/lib/Qt6Quick.prl
2026-04-22 16:48:56,735 - aqt.updater - INFO - updater 134235808784512 Patching /home/will/qt6-windows/6.7.3/mingw_64/lib/Qt6Concurrent.prl
2026-04-22 16:48:56,735 - aqt.updater - INFO - updater 134235808784512 Patching /home/will/qt6-windows/6.7.3/mingw_64/lib/Qt6QuickTemplates2.prl
2026-04-22 16:48:56,735 - aqt.updater - INFO - updater 134235808784512 Patching /home/will/qt6-windows/6.7.3/mingw_64/lib/Qt6LabsWavefrontMesh.prl
2026-04-22 16:48:56,735 - aqt.updater - INFO - updater 134235808784512 Patching /home/will/qt6-windows/6.7.3/mingw_64/lib/Qt6Qml.prl
2026-04-22 16:48:56,735 - aqt.updater - INFO - updater 134235808784512 Patching /home/will/qt6-windows/6.7.3/mingw_64/lib/Qt6QuickControls2MaterialStyleImpl.prl
2026-04-22 16:48:56,735 - aqt.updater - INFO - updater 134235808784512 Patching /home/will/qt6-windows/6.7.3/mingw_64/lib/Qt6Xml.prl
2026-04-22 16:48:56,735 - aqt.updater - INFO - updater 134235808784512 Patching /home/will/qt6-windows/6.7.3/mingw_64/lib/Qt6OpenGL.prl
2026-04-22 16:48:56,735 - aqt.updater - INFO - updater 134235808784512 Patching /home/will/qt6-windows/6.7.3/mingw_64/lib/Qt6QmlBuiltins.prl
2026-04-22 16:48:56,736 - aqt.updater - INFO - updater 134235808784512 Patching /home/will/qt6-windows/6.7.3/mingw_64/lib/Qt6Network.prl
2026-04-22 16:48:56,736 - aqt.updater - INFO - updater 134235808784512 Patching /home/will/qt6-windows/6.7.3/mingw_64/lib/Qt6Core.prl
2026-04-22 16:48:56,736 - aqt.updater - INFO - updater 134235808784512 Patching /home/will/qt6-windows/6.7.3/mingw_64/lib/Qt6QuickParticles.prl
2026-04-22 16:48:56,736 - aqt.updater - INFO - updater 134235808784512 Patching /home/will/qt6-windows/6.7.3/mingw_64/lib/Qt6QmlToolingSettings.prl
2026-04-22 16:48:56,736 - aqt.updater - INFO - updater 134235808784512 Patching /home/will/qt6-windows/6.7.3/mingw_64/lib/Qt6OpenGLWidgets.prl
2026-04-22 16:48:56,736 - aqt.updater - INFO - updater 134235808784512 Patching /home/will/qt6-windows/6.7.3/mingw_64/lib/Qt6QuickWidgets.prl
2026-04-22 16:48:56,736 - aqt.updater - INFO - updater 134235808784512 Patching /home/will/qt6-windows/6.7.3/mingw_64/lib/Qt6QuickControls2Fusion.prl
2026-04-22 16:48:56,736 - aqt.updater - INFO - updater 134235808784512 Patching /home/will/qt6-windows/6.7.3/mingw_64/lib/Qt6QuickDialogs2Utils.prl
2026-04-22 16:48:56,736 - aqt.updater - INFO - updater 134235808784512 Patching /home/will/qt6-windows/6.7.3/mingw_64/lib/Qt6ExampleIcons.prl
2026-04-22 16:48:56,736 - aqt.updater - INFO - updater 134235808784512 Patching /home/will/qt6-windows/6.7.3/mingw_64/lib/Qt6Help.prl
2026-04-22 16:48:56,736 - aqt.updater - INFO - updater 134235808784512 Patching /home/will/qt6-windows/6.7.3/mingw_64/lib/Qt6QmlDom.prl
2026-04-22 16:48:56,737 - aqt.updater - INFO - updater 134235808784512 Patching /home/will/qt6-windows/6.7.3/mingw_64/lib/Qt6PacketProtocol.prl
2026-04-22 16:48:56,737 - aqt.updater - INFO - updater 134235808784512 Patching /home/will/qt6-windows/6.7.3/mingw_64/lib/Qt6DBus.prl
2026-04-22 16:48:56,737 - aqt.updater - INFO - updater 134235808784512 Patching /home/will/qt6-windows/6.7.3/mingw_64/lib/Qt6QmlLS.prl
2026-04-22 16:48:56,737 - aqt.updater - INFO - updater 134235808784512 Patching /home/will/qt6-windows/6.7.3/mingw_64/lib/Qt6QuickControls2FusionStyleImpl.prl
2026-04-22 16:48:56,737 - aqt.main - INFO - installer 134235808784512 Finished installation
2026-04-22 16:48:56,737 - aqt.main - INFO - installer 134235808784512 Time elapsed: 14.58187800 second
